# JRE version: OpenJDK Runtime Environment (7.0_75-b13) (build 1.7.0_75-b13)
# Java VM: OpenJDK Server VM (24.75-b04 mixed mode linux-x86 )
Heap
 PSYoungGen      total 33792K, used 2554K [0x9dd80000, 0xa0100000, 0xb3300000)
  eden space 31232K, 0% used [0x9dd80000,0x9dd80000,0x9fc00000)
  from space 2560K, 99% used [0x9fc00000,0x9fe7e9f8,0x9fe80000)
  to   space 2560K, 0% used [0x9fe80000,0x9fe80000,0xa0100000)
 ParOldGen       total 41216K, used 16609K [0x73300000, 0x75b40000, 0x9dd80000)
  object space 41216K, 40% used [0x73300000,0x743387d0,0x75b40000)
 PSPermGen       total 16384K, used 4698K [0x6b300000, 0x6c300000, 0x73300000)
  object space 16384K, 28% used [0x6b300000,0x6b796ad0,0x6c300000)
GC Heap History (9 events):
Event: 1.207 GC heap before
{Heap before GC invocations=1 (full 0):
 PSYoungGen      total 18176K, used 15181K [0x9dd80000, 0x9f1c0000, 0xb3300000)
  eden space 15616K, 97% used [0x9dd80000,0x9ec536b8,0x9ecc0000)
  from space 2560K, 0% used [0x9ef40000,0x9ef40000,0x9f1c0000)
  to   space 2560K, 0% used [0x9ecc0000,0x9ecc0000,0x9ef40000)
 ParOldGen       total 41216K, used 0K [0x73300000, 0x75b40000, 0x9dd80000)
  object space 41216K, 0% used [0x73300000,0x73300000,0x75b40000)
 PSPermGen       total 16384K, used 3769K [0x6b300000, 0x6c300000, 0x73300000)
  object space 16384K, 23% used [0x6b300000,0x6b6ae628,0x6c300000)
Event: 1.216 GC heap after
Heap after GC invocations=1 (full 0):
 PSYoungGen      total 18176K, used 2545K [0x9dd80000, 0x9f1c0000, 0xb3300000)
  eden space 15616K, 0% used [0x9dd80000,0x9dd80000,0x9ecc0000)
  from space 2560K, 99% used [0x9ecc0000,0x9ef3c498,0x9ef40000)
  to   space 2560K, 0% used [0x9ef40000,0x9ef40000,0x9f1c0000)
 ParOldGen       total 41216K, used 2025K [0x73300000, 0x75b40000, 0x9dd80000)
  object space 41216K, 4% used [0x73300000,0x734fa568,0x75b40000)
 PSPermGen       total 16384K, used 3769K [0x6b300000, 0x6c300000, 0x73300000)
  object space 16384K, 23% used [0x6b300000,0x6b6ae628,0x6c300000)
}
Event: 1.697 GC heap before
{Heap before GC invocations=2 (full 0):
 PSYoungGen      total 18176K, used 18161K [0x9dd80000, 0x9f1c0000, 0xb3300000)
  eden space 15616K, 100% used [0x9dd80000,0x9ecc0000,0x9ecc0000)
  from space 2560K, 99% used [0x9ecc0000,0x9ef3c498,0x9ef40000)
  to   space 2560K, 0% used [0x9ef40000,0x9ef40000,0x9f1c0000)
 ParOldGen       total 41216K, used 2025K [0x73300000, 0x75b40000, 0x9dd80000)
  object space 41216K, 4% used [0x73300000,0x734fa568,0x75b40000)
 PSPermGen       total 16384K, used 4649K [0x6b300000, 0x6c300000, 0x73300000)
  object space 16384K, 28% used [0x6b300000,0x6b78a7c0,0x6c300000)
Event: 1.911 GC heap after
Heap after GC invocations=2 (full 0):
 PSYoungGen      total 18176K, used 2553K [0x9dd80000, 0xa0100000, 0xb3300000)
  eden space 15616K, 0% used [0x9dd80000,0x9dd80000,0x9ecc0000)
  from space 2560K, 99% used [0x9ef40000,0x9f1be768,0x9f1c0000)
  to   space 2560K, 0% used [0x9ecc0000,0x9ecc0000,0x9ef40000)
 ParOldGen       total 41216K, used 5904K [0x73300000, 0x75b40000, 0x9dd80000)
  object space 41216K, 14% used [0x73300000,0x738c4360,0x75b40000)
 PSPermGen       total 16384K, used 4649K [0x6b300000, 0x6c300000, 0x73300000)
  object space 16384K, 28% used [0x6b300000,0x6b78a7c0,0x6c300000)
}
Event: 2.144 GC heap before
{Heap before GC invocations=3 (full 0):
 PSYoungGen      total 18176K, used 15794K [0x9dd80000, 0xa0100000, 0xb3300000)
  eden space 15616K, 84% used [0x9dd80000,0x9ea6e168,0x9ecc0000)
  from space 2560K, 99% used [0x9ef40000,0x9f1be768,0x9f1c0000)
  to   space 2560K, 0% used [0x9ecc0000,0x9ecc0000,0x9ef40000)
 ParOldGen       total 41216K, used 5904K [0x73300000, 0x75b40000, 0x9dd80000)
  object space 41216K, 14% used [0x73300000,0x738c4360,0x75b40000)
 PSPermGen       total 16384K, used 4670K [0x6b300000, 0x6c300000, 0x73300000)
  object space 16384K, 28% used [0x6b300000,0x6b78f8e0,0x6c300000)
Event: 2.161 GC heap after
Heap after GC invocations=3 (full 0):
 PSYoungGen      total 18176K, used 2226K [0x9dd80000, 0xa0100000, 0xb3300000)
  eden space 15616K, 0% used [0x9dd80000,0x9dd80000,0x9ecc0000)
  from space 2560K, 86% used [0x9ecc0000,0x9eeecba8,0x9ef40000)
  to   space 2560K, 0% used [0x9fe80000,0x9fe80000,0xa0100000)
 ParOldGen       total 41216K, used 7081K [0x73300000, 0x75b40000, 0x9dd80000)
  object space 41216K, 17% used [0x73300000,0x739ea790,0x75b40000)
 PSPermGen       total 16384K, used 4670K [0x6b300000, 0x6c300000, 0x73300000)
  object space 16384K, 28% used [0x6b300000,0x6b78f8e0,0x6c300000)
}
Event: 2.273 GC heap before
{Heap before GC invocations=4 (full 0):
 PSYoungGen      total 18176K, used 17842K [0x9dd80000, 0xa0100000, 0xb3300000)
  eden space 15616K, 100% used [0x9dd80000,0x9ecc0000,0x9ecc0000)
  from space 2560K, 86% used [0x9ecc0000,0x9eeecba8,0x9ef40000)
  to   space 2560K, 0% used [0x9fe80000,0x9fe80000,0xa0100000)
 ParOldGen       total 41216K, used 7081K [0x73300000, 0x75b40000, 0x9dd80000)
  object space 41216K, 17% used [0x73300000,0x739ea790,0x75b40000)
 PSPermGen       total 16384K, used 4685K [0x6b300000, 0x6c300000, 0x73300000)
  object space 16384K, 28% used [0x6b300000,0x6b793678,0x6c300000)
Event: 2.280 GC heap after
Heap after GC invocations=4 (full 0):
 PSYoungGen      total 33792K, used 2557K [0x9dd80000, 0xa0100000, 0xb3300000)
  eden space 31232K, 0% used [0x9dd80000,0x9dd80000,0x9fc00000)
  from space 2560K, 99% used [0x9fe80000,0xa00ff5d0,0xa0100000)
  to   space 2560K, 0% used [0x9fc00000,0x9fc00000,0x9fe80000)
 ParOldGen       total 41216K, used 9786K [0x73300000, 0x75b40000, 0x9dd80000)
  object space 41216K, 23% used [0x73300000,0x73c8e840,0x75b40000)
 PSPermGen       total 16384K, used 4685K [0x6b300000, 0x6c300000, 0x73300000)
  object space 16384K, 28% used [0x6b300000,0x6b793678,0x6c300000)
}
Event: 2.482 GC heap before
{Heap before GC invocations=5 (full 0):
 PSYoungGen      total 33792K, used 33789K [0x9dd80000, 0xa0100000, 0xb3300000)
  eden space 31232K, 100% used [0x9dd80000,0x9fc00000,0x9fc00000)
  from space 2560K, 99% used [0x9fe80000,0xa00ff5d0,0xa0100000)
  to   space 2560K, 0% used [0x9fc00000,0x9fc00000,0x9fe80000)
 ParOldGen       total 41216K, used 9786K [0x73300000, 0x75b40000, 0x9dd80000)
  object space 41216K, 23% used [0x73300000,0x73c8e840,0x75b40000)
 PSPermGen       total 16384K, used 4698K [0x6b300000, 0x6c300000, 0x73300000)
  object space 16384K, 28% used [0x6b300000,0x6b796ad0,0x6c300000)

