# JRE version: OpenJDK Runtime Environment (7.0_75-b13) (build 1.7.0_75-b13)
# Java VM: OpenJDK Server VM (24.75-b04 mixed mode linux-x86 )
Heap
 PSYoungGen      total 33792K, used 2552K [0x9dd80000, 0xa0100000, 0xb3300000)
  eden space 31232K, 0% used [0x9dd80000,0x9dd80000,0x9fc00000)
  from space 2560K, 99% used [0x9fc00000,0x9fe7e360,0x9fe80000)
  to   space 2560K, 0% used [0x9fe80000,0x9fe80000,0xa0100000)
 ParOldGen       total 41216K, used 19995K [0x73300000, 0x75b40000, 0x9dd80000)
  object space 41216K, 48% used [0x73300000,0x74686eb0,0x75b40000)
 PSPermGen       total 16384K, used 4732K [0x6b300000, 0x6c300000, 0x73300000)
  object space 16384K, 28% used [0x6b300000,0x6b79f1d0,0x6c300000)
GC Heap History (9 events):
Event: 1.439 GC heap before
{Heap before GC invocations=1 (full 0):
 PSYoungGen      total 18176K, used 15557K [0x9dd80000, 0x9f1c0000, 0xb3300000)
  eden space 15616K, 99% used [0x9dd80000,0x9ecb1738,0x9ecc0000)
  from space 2560K, 0% used [0x9ef40000,0x9ef40000,0x9f1c0000)
  to   space 2560K, 0% used [0x9ecc0000,0x9ecc0000,0x9ef40000)
 ParOldGen       total 41216K, used 0K [0x73300000, 0x75b40000, 0x9dd80000)
  object space 41216K, 0% used [0x73300000,0x73300000,0x75b40000)
 PSPermGen       total 16384K, used 3796K [0x6b300000, 0x6c300000, 0x73300000)
  object space 16384K, 23% used [0x6b300000,0x6b6b5358,0x6c300000)
Event: 1.451 GC heap after
Heap after GC invocations=1 (full 0):
 PSYoungGen      total 18176K, used 2548K [0x9dd80000, 0x9f1c0000, 0xb3300000)
  eden space 15616K, 0% used [0x9dd80000,0x9dd80000,0x9ecc0000)
  from space 2560K, 99% used [0x9ecc0000,0x9ef3d248,0x9ef40000)
  to   space 2560K, 0% used [0x9ef40000,0x9ef40000,0x9f1c0000)
 ParOldGen       total 41216K, used 1756K [0x73300000, 0x75b40000, 0x9dd80000)
  object space 41216K, 4% used [0x73300000,0x734b7230,0x75b40000)
 PSPermGen       total 16384K, used 3796K [0x6b300000, 0x6c300000, 0x73300000)
  object space 16384K, 23% used [0x6b300000,0x6b6b5358,0x6c300000)
}
Event: 1.832 GC heap before
{Heap before GC invocations=2 (full 0):
 PSYoungGen      total 18176K, used 18164K [0x9dd80000, 0x9f1c0000, 0xb3300000)
  eden space 15616K, 100% used [0x9dd80000,0x9ecc0000,0x9ecc0000)
  from space 2560K, 99% used [0x9ecc0000,0x9ef3d248,0x9ef40000)
  to   space 2560K, 0% used [0x9ef40000,0x9ef40000,0x9f1c0000)
 ParOldGen       total 41216K, used 1756K [0x73300000, 0x75b40000, 0x9dd80000)
  object space 41216K, 4% used [0x73300000,0x734b7230,0x75b40000)
 PSPermGen       total 16384K, used 4677K [0x6b300000, 0x6c300000, 0x73300000)
  object space 16384K, 28% used [0x6b300000,0x6b791448,0x6c300000)
Event: 1.837 GC heap after
Heap after GC invocations=2 (full 0):
 PSYoungGen      total 18176K, used 2557K [0x9dd80000, 0xa0100000, 0xb3300000)
  eden space 15616K, 0% used [0x9dd80000,0x9dd80000,0x9ecc0000)
  from space 2560K, 99% used [0x9ef40000,0x9f1bf728,0x9f1c0000)
  to   space 2560K, 0% used [0x9ecc0000,0x9ecc0000,0x9ef40000)
 ParOldGen       total 41216K, used 5109K [0x73300000, 0x75b40000, 0x9dd80000)
  object space 41216K, 12% used [0x73300000,0x737fd430,0x75b40000)
 PSPermGen       total 16384K, used 4677K [0x6b300000, 0x6c300000, 0x73300000)
  object space 16384K, 28% used [0x6b300000,0x6b791448,0x6c300000)
}
Event: 2.020 GC heap before
{Heap before GC invocations=3 (full 0):
 PSYoungGen      total 18176K, used 17346K [0x9dd80000, 0xa0100000, 0xb3300000)
  eden space 15616K, 94% used [0x9dd80000,0x9ebf13c8,0x9ecc0000)
  from space 2560K, 99% used [0x9ef40000,0x9f1bf728,0x9f1c0000)
  to   space 2560K, 0% used [0x9ecc0000,0x9ecc0000,0x9ef40000)
 ParOldGen       total 41216K, used 5109K [0x73300000, 0x75b40000, 0x9dd80000)
  object space 41216K, 12% used [0x73300000,0x737fd430,0x75b40000)
 PSPermGen       total 16384K, used 4703K [0x6b300000, 0x6c300000, 0x73300000)
  object space 16384K, 28% used [0x6b300000,0x6b797de8,0x6c300000)
Event: 2.024 GC heap after
Heap after GC invocations=3 (full 0):
 PSYoungGen      total 18176K, used 2554K [0x9dd80000, 0xa0100000, 0xb3300000)
  eden space 15616K, 0% used [0x9dd80000,0x9dd80000,0x9ecc0000)
  from space 2560K, 99% used [0x9ecc0000,0x9ef3ebc8,0x9ef40000)
  to   space 2560K, 0% used [0x9fe80000,0x9fe80000,0xa0100000)
 ParOldGen       total 41216K, used 7572K [0x73300000, 0x75b40000, 0x9dd80000)
  object space 41216K, 18% used [0x73300000,0x73a65188,0x75b40000)
 PSPermGen       total 16384K, used 4703K [0x6b300000, 0x6c300000, 0x73300000)
  object space 16384K, 28% used [0x6b300000,0x6b797de8,0x6c300000)
}
Event: 2.108 GC heap before
{Heap before GC invocations=4 (full 0):
 PSYoungGen      total 18176K, used 18170K [0x9dd80000, 0xa0100000, 0xb3300000)
  eden space 15616K, 100% used [0x9dd80000,0x9ecc0000,0x9ecc0000)
  from space 2560K, 99% used [0x9ecc0000,0x9ef3ebc8,0x9ef40000)
  to   space 2560K, 0% used [0x9fe80000,0x9fe80000,0xa0100000)
 ParOldGen       total 41216K, used 7572K [0x73300000, 0x75b40000, 0x9dd80000)
  object space 41216K, 18% used [0x73300000,0x73a65188,0x75b40000)
 PSPermGen       total 16384K, used 4720K [0x6b300000, 0x6c300000, 0x73300000)
  object space 16384K, 28% used [0x6b300000,0x6b79c0f0,0x6c300000)
Event: 2.116 GC heap after
Heap after GC invocations=4 (full 0):
 PSYoungGen      total 33792K, used 2546K [0x9dd80000, 0xa0100000, 0xb3300000)
  eden space 31232K, 0% used [0x9dd80000,0x9dd80000,0x9fc00000)
  from space 2560K, 99% used [0x9fe80000,0xa00fcbd8,0xa0100000)
  to   space 2560K, 0% used [0x9fc00000,0x9fc00000,0x9fe80000)
 ParOldGen       total 41216K, used 13109K [0x73300000, 0x75b40000, 0x9dd80000)
  object space 41216K, 31% used [0x73300000,0x73fcd518,0x75b40000)
 PSPermGen       total 16384K, used 4720K [0x6b300000, 0x6c300000, 0x73300000)
  object space 16384K, 28% used [0x6b300000,0x6b79c0f0,0x6c300000)
}
Event: 2.285 GC heap before
{Heap before GC invocations=5 (full 0):
 PSYoungGen      total 33792K, used 33778K [0x9dd80000, 0xa0100000, 0xb3300000)
  eden space 31232K, 100% used [0x9dd80000,0x9fc00000,0x9fc00000)
  from space 2560K, 99% used [0x9fe80000,0xa00fcbd8,0xa0100000)
  to   space 2560K, 0% used [0x9fc00000,0x9fc00000,0x9fe80000)
 ParOldGen       total 41216K, used 13109K [0x73300000, 0x75b40000, 0x9dd80000)
  object space 41216K, 31% used [0x73300000,0x73fcd518,0x75b40000)
 PSPermGen       total 16384K, used 4732K [0x6b300000, 0x6c300000, 0x73300000)
  object space 16384K, 28% used [0x6b300000,0x6b79f1d0,0x6c300000)

