# JRE version: OpenJDK Runtime Environment (7.0_75-b13) (build 1.7.0_75-b13)
# Java VM: OpenJDK Server VM (24.75-b04 mixed mode linux-x86 )
Heap
 PSYoungGen      total 70400K, used 8692K [0x9dcc0000, 0xa2ac0000, 0xb3240000)
  eden space 61696K, 0% used [0x9dcc0000,0x9dcc0000,0xa1900000)
  from space 8704K, 99% used [0xa1900000,0xa217d180,0xa2180000)
  to   space 7936K, 0% used [0xa2180000,0xa2180000,0xa2940000)
 ParOldGen       total 41216K, used 22155K [0x73240000, 0x75a80000, 0x9dcc0000)
  object space 41216K, 53% used [0x73240000,0x747e2c28,0x75a80000)
 PSPermGen       total 16384K, used 3993K [0x6b240000, 0x6c240000, 0x73240000)
  object space 16384K, 24% used [0x6b240000,0x6b626680,0x6c240000)
GC Heap History (10 events):
Event: 1.219 GC heap after
Heap after GC invocations=2 (full 0):
 PSYoungGen      total 18176K, used 2555K [0x9dcc0000, 0x9f100000, 0xb3240000)
  eden space 15616K, 0% used [0x9dcc0000,0x9dcc0000,0x9ec00000)
  from space 2560K, 99% used [0x9ee80000,0x9f0feca0,0x9f100000)
  to   space 2560K, 0% used [0x9ec00000,0x9ec00000,0x9ee80000)
 ParOldGen       total 41216K, used 2990K [0x73240000, 0x75a80000, 0x9dcc0000)
  object space 41216K, 7% used [0x73240000,0x7352b8d0,0x75a80000)
 PSPermGen       total 16384K, used 3896K [0x6b240000, 0x6c240000, 0x73240000)
  object space 16384K, 23% used [0x6b240000,0x6b60e168,0x6c240000)
}
Event: 1.530 GC heap before
{Heap before GC invocations=3 (full 0):
 PSYoungGen      total 18176K, used 18171K [0x9dcc0000, 0x9f100000, 0xb3240000)
  eden space 15616K, 100% used [0x9dcc0000,0x9ec00000,0x9ec00000)
  from space 2560K, 99% used [0x9ee80000,0x9f0feca0,0x9f100000)
  to   space 2560K, 0% used [0x9ec00000,0x9ec00000,0x9ee80000)
 ParOldGen       total 41216K, used 2990K [0x73240000, 0x75a80000, 0x9dcc0000)
  object space 41216K, 7% used [0x73240000,0x7352b8d0,0x75a80000)
 PSPermGen       total 16384K, used 3917K [0x6b240000, 0x6c240000, 0x73240000)
  object space 16384K, 23% used [0x6b240000,0x6b613430,0x6c240000)
Event: 1.538 GC heap after
Heap after GC invocations=3 (full 0):
 PSYoungGen      total 18176K, used 2546K [0x9dcc0000, 0xa0040000, 0xb3240000)
  eden space 15616K, 0% used [0x9dcc0000,0x9dcc0000,0x9ec00000)
  from space 2560K, 99% used [0x9ec00000,0x9ee7cae0,0x9ee80000)
  to   space 2560K, 0% used [0x9fdc0000,0x9fdc0000,0xa0040000)
 ParOldGen       total 41216K, used 5639K [0x73240000, 0x75a80000, 0x9dcc0000)
  object space 41216K, 13% used [0x73240000,0x737c1cd0,0x75a80000)
 PSPermGen       total 16384K, used 3917K [0x6b240000, 0x6c240000, 0x73240000)
  object space 16384K, 23% used [0x6b240000,0x6b613430,0x6c240000)
}
Event: 1.818 GC heap before
{Heap before GC invocations=4 (full 0):
 PSYoungGen      total 18176K, used 18162K [0x9dcc0000, 0xa0040000, 0xb3240000)
  eden space 15616K, 100% used [0x9dcc0000,0x9ec00000,0x9ec00000)
  from space 2560K, 99% used [0x9ec00000,0x9ee7cae0,0x9ee80000)
  to   space 2560K, 0% used [0x9fdc0000,0x9fdc0000,0xa0040000)
 ParOldGen       total 41216K, used 5639K [0x73240000, 0x75a80000, 0x9dcc0000)
  object space 41216K, 13% used [0x73240000,0x737c1cd0,0x75a80000)
 PSPermGen       total 16384K, used 3942K [0x6b240000, 0x6c240000, 0x73240000)
  object space 16384K, 24% used [0x6b240000,0x6b619a80,0x6c240000)
Event: 1.825 GC heap after
Heap after GC invocations=4 (full 0):
 PSYoungGen      total 33792K, used 2559K [0x9dcc0000, 0xa0040000, 0xb3240000)
  eden space 31232K, 0% used [0x9dcc0000,0x9dcc0000,0x9fb40000)
  from space 2560K, 99% used [0x9fdc0000,0xa003feb0,0xa0040000)
  to   space 2560K, 0% used [0x9fb40000,0x9fb40000,0x9fdc0000)
 ParOldGen       total 41216K, used 8442K [0x73240000, 0x75a80000, 0x9dcc0000)
  object space 41216K, 20% used [0x73240000,0x73a7ea00,0x75a80000)
 PSPermGen       total 16384K, used 3942K [0x6b240000, 0x6c240000, 0x73240000)
  object space 16384K, 24% used [0x6b240000,0x6b619a80,0x6c240000)
}
Event: 2.217 GC heap before
{Heap before GC invocations=5 (full 0):
 PSYoungGen      total 33792K, used 33791K [0x9dcc0000, 0xa0040000, 0xb3240000)
  eden space 31232K, 100% used [0x9dcc0000,0x9fb40000,0x9fb40000)
  from space 2560K, 99% used [0x9fdc0000,0xa003feb0,0xa0040000)
  to   space 2560K, 0% used [0x9fb40000,0x9fb40000,0x9fdc0000)
 ParOldGen       total 41216K, used 8442K [0x73240000, 0x75a80000, 0x9dcc0000)
  object space 41216K, 20% used [0x73240000,0x73a7ea00,0x75a80000)
 PSPermGen       total 16384K, used 3957K [0x6b240000, 0x6c240000, 0x73240000)
  object space 16384K, 24% used [0x6b240000,0x6b61d5d0,0x6c240000)
Event: 2.229 GC heap after
Heap after GC invocations=5 (full 0):
 PSYoungGen      total 33792K, used 2558K [0x9dcc0000, 0xa2940000, 0xb3240000)
  eden space 31232K, 0% used [0x9dcc0000,0x9dcc0000,0x9fb40000)
  from space 2560K, 99% used [0x9fb40000,0x9fdbf8d0,0x9fdc0000)
  to   space 7936K, 0% used [0xa2180000,0xa2180000,0xa2940000)
 ParOldGen       total 41216K, used 13639K [0x73240000, 0x75a80000, 0x9dcc0000)
  object space 41216K, 33% used [0x73240000,0x73f91c78,0x75a80000)
 PSPermGen       total 16384K, used 3957K [0x6b240000, 0x6c240000, 0x73240000)
  object space 16384K, 24% used [0x6b240000,0x6b61d5d0,0x6c240000)
}
Event: 2.555 GC heap before
{Heap before GC invocations=6 (full 0):
 PSYoungGen      total 33792K, used 33790K [0x9dcc0000, 0xa2940000, 0xb3240000)
  eden space 31232K, 100% used [0x9dcc0000,0x9fb40000,0x9fb40000)
  from space 2560K, 99% used [0x9fb40000,0x9fdbf8d0,0x9fdc0000)
  to   space 7936K, 0% used [0xa2180000,0xa2180000,0xa2940000)
 ParOldGen       total 41216K, used 13639K [0x73240000, 0x75a80000, 0x9dcc0000)
  object space 41216K, 33% used [0x73240000,0x73f91c78,0x75a80000)
 PSPermGen       total 16384K, used 3976K [0x6b240000, 0x6c240000, 0x73240000)
  object space 16384K, 24% used [0x6b240000,0x6b622088,0x6c240000)
Event: 2.570 GC heap after
Heap after GC invocations=6 (full 0):
 PSYoungGen      total 69632K, used 7426K [0x9dcc0000, 0xa2ac0000, 0xb3240000)
  eden space 61696K, 0% used [0x9dcc0000,0x9dcc0000,0xa1900000)
  from space 7936K, 93% used [0xa2180000,0xa28c0b30,0xa2940000)
  to   space 8704K, 0% used [0xa1900000,0xa1900000,0xa2180000)
 ParOldGen       total 41216K, used 13643K [0x73240000, 0x75a80000, 0x9dcc0000)
  object space 41216K, 33% used [0x73240000,0x73f92c78,0x75a80000)
 PSPermGen       total 16384K, used 3976K [0x6b240000, 0x6c240000, 0x73240000)
  object space 16384K, 24% used [0x6b240000,0x6b622088,0x6c240000)
}
Event: 3.063 GC heap before
{Heap before GC invocations=7 (full 0):
 PSYoungGen      total 69632K, used 69122K [0x9dcc0000, 0xa2ac0000, 0xb3240000)
  eden space 61696K, 100% used [0x9dcc0000,0xa1900000,0xa1900000)
  from space 7936K, 93% used [0xa2180000,0xa28c0b30,0xa2940000)
  to   space 8704K, 0% used [0xa1900000,0xa1900000,0xa2180000)
 ParOldGen       total 41216K, used 13643K [0x73240000, 0x75a80000, 0x9dcc0000)
  object space 41216K, 33% used [0x73240000,0x73f92c78,0x75a80000)
 PSPermGen       total 16384K, used 3993K [0x6b240000, 0x6c240000, 0x73240000)
  object space 16384K, 24% used [0x6b240000,0x6b626680,0x6c240000)

